11:04:00 **** Build of configuration Debug for project ACO_FSP ****
make all 
Building file: ../src/aco.cpp
Invoking: GCC C++ Compiler
g++ -O0 -g3 -Wall -c -fmessage-length=0 -MMD -MP -MF"src/aco.d" -MT"src/aco.o" -o "src/aco.o" "../src/aco.cpp"
../src/aco.cpp:241:1: warning: control reaches end of non-void function [-Wreturn-type]
}
^
1 warning generated.
Finished building: ../src/aco.cpp
 
Building file: ../src/ant.cpp
Invoking: GCC C++ Compiler
g++ -O0 -g3 -Wall -c -fmessage-length=0 -MMD -MP -MF"src/ant.d" -MT"src/ant.o" -o "src/ant.o" "../src/ant.cpp"
../src/ant.cpp:85:17: warning: variable 'selectedTask' is used uninitialized whenever 'for' loop exits because its condition is false [-Wsometimes-uninitialized]
                for (int j=0; j < toSelectFrom.size(); j++){
                              ^~~~~~~~~~~~~~~~~~~~~~~
../src/ant.cpp:91:17: note: uninitialized use occurs here
                sequence[i] = selectedTask;
                              ^~~~~~~~~~~~
../src/ant.cpp:85:17: note: remove the condition if it is always true
                for (int j=0; j < toSelectFrom.size(); j++){
                              ^~~~~~~~~~~~~~~~~~~~~~~
../src/ant.cpp:83:24: note: initialize the variable 'selectedTask' to silence this warning
                long int selectedTask;
                                     ^
                                      = 0
1 warning generated.
Finished building: ../src/ant.cpp
 
Building file: ../src/fsp.cpp
Invoking: GCC C++ Compiler
g++ -O0 -g3 -Wall -c -fmessage-length=0 -MMD -MP -MF"src/fsp.d" -MT"src/fsp.o" -o "src/fsp.o" "../src/fsp.cpp"
In file included from ../src/fsp.cpp:9:
../src/fsp.h:21:8: warning: private field 'fsp_file' is not used [-Wunused-private-field]
        FILE *fsp_file;
              ^
1 warning generated.
Finished building: ../src/fsp.cpp
 
Building file: ../src/utils.cpp
Invoking: GCC C++ Compiler
g++ -O0 -g3 -Wall -c -fmessage-length=0 -MMD -MP -MF"src/utils.d" -MT"src/utils.o" -o "src/utils.o" "../src/utils.cpp"
Finished building: ../src/utils.cpp
 
Building target: ACO_FSP
Invoking: MacOS X C++ Linker
g++  -o "ACO_FSP"  ./src/aco.o ./src/ant.o ./src/fsp.o ./src/utils.o   
Finished building target: ACO_FSP
 
11:04:13 **** Incremental Build of configuration Debug for project ACO_FSP ****
make all 
make: Nothing to be done for `all'.
11:05:49 **** Incremental Build of configuration Debug for project ACO_FSP ****
make all 
make: Nothing to be done for `all'.
